<?xml version="1.0" encoding="UTF-8"?>
<testng-results ignored="0" total="1" passed="1" failed="0" skipped="0">
  <reporter-output>
  </reporter-output>
  <suite started-at="2021-11-17T21:49:33 IST" name="Default suite" finished-at="2021-11-17T21:49:54 IST" duration-ms="21261">
    <groups>
    </groups>
    <test started-at="2021-11-17T21:49:33 IST" name="Default test" finished-at="2021-11-17T21:49:54 IST" duration-ms="21261">
      <class name="assignment1.facebookPost">
        <test-method signature="loginandPost()[pri:0, instance:assignment1.facebookPost@2f112965]" started-at="2021-11-17T21:49:33 IST" name="loginandPost" finished-at="2021-11-17T21:49:54 IST" duration-ms="21224" status="PASS">
          <reporter-output>
          </reporter-output>
        </test-method> <!-- loginandPost -->
      </class> <!-- assignment1.facebookPost -->
    </test> <!-- Default test -->
  </suite> <!-- Default suite -->
</testng-results>
